<?xml version="1.0" encoding="UTF-8" standalone="no"?>
<!DOCTYPE log SYSTEM "logger.dtd">
<log>
<record>
  <date>2018-04-03T21:48:26</date>
  <millis>1522802906932</millis>
  <sequence>0</sequence>
  <logger>java.util.logging.Logger</logger>
  <level>SEVERE</level>
  <class>utilidades.Log</class>
  <method>gravaLog</method>
  <thread>14</thread>
  <message>java.lang.ClassNotFoundException: com.mysql.jdbc.Driver</message>
  <exception>
    <message>java.lang.ClassNotFoundException: com.mysql.jdbc.Driver</message>
    <frame>
      <class>java.net.URLClassLoader</class>
      <method>findClass</method>
      <line>381</line>
    </frame>
    <frame>
      <class>java.lang.ClassLoader</class>
      <method>loadClass</method>
      <line>424</line>
    </frame>
    <frame>
      <class>sun.misc.Launcher$AppClassLoader</class>
      <method>loadClass</method>
      <line>331</line>
    </frame>
    <frame>
      <class>java.lang.ClassLoader</class>
      <method>loadClass</method>
      <line>357</line>
    </frame>
    <frame>
      <class>java.lang.Class</class>
      <method>forName0</method>
    </frame>
    <frame>
      <class>java.lang.Class</class>
      <method>forName</method>
      <line>264</line>
    </frame>
    <frame>
      <class>basedados.ConectorJDBC</class>
      <method>&lt;init&gt;</method>
      <line>42</line>
    </frame>
    <frame>
      <class>basedados.GerenciadorBaseDadosJDBC</class>
      <method>&lt;init&gt;</method>
      <line>21</line>
    </frame>
    <frame>
      <class>negocio.GerenciadorRegrasNegocio</class>
      <method>&lt;init&gt;</method>
      <line>28</line>
    </frame>
    <frame>
      <class>visualizacao.GerenciadorVisualizacaoSwing</class>
      <method>&lt;init&gt;</method>
      <line>74</line>
    </frame>
    <frame>
      <class>visualizacao.GerenciadorVisualizacaoSwing$3</class>
      <method>run</method>
      <line>396</line>
    </frame>
    <frame>
      <class>java.awt.event.InvocationEvent</class>
      <method>dispatch</method>
      <line>311</line>
    </frame>
    <frame>
      <class>java.awt.EventQueue</class>
      <method>dispatchEventImpl</method>
      <line>756</line>
    </frame>
    <frame>
      <class>java.awt.EventQueue</class>
      <method>access$500</method>
      <line>97</line>
    </frame>
    <frame>
      <class>java.awt.EventQueue$3</class>
      <method>run</method>
      <line>709</line>
    </frame>
    <frame>
      <class>java.awt.EventQueue$3</class>
      <method>run</method>
      <line>703</line>
    </frame>
    <frame>
      <class>java.security.AccessController</class>
      <method>doPrivileged</method>
    </frame>
    <frame>
      <class>java.security.ProtectionDomain$1</class>
      <method>doIntersectionPrivilege</method>
      <line>75</line>
    </frame>
    <frame>
      <class>java.awt.EventQueue</class>
      <method>dispatchEvent</method>
      <line>726</line>
    </frame>
    <frame>
      <class>java.awt.EventDispatchThread</class>
      <method>pumpOneEventForFilters</method>
      <line>201</line>
    </frame>
    <frame>
      <class>java.awt.EventDispatchThread</class>
      <method>pumpEventsForFilter</method>
      <line>116</line>
    </frame>
    <frame>
      <class>java.awt.EventDispatchThread</class>
      <method>pumpEventsForHierarchy</method>
      <line>105</line>
    </frame>
    <frame>
      <class>java.awt.EventDispatchThread</class>
      <method>pumpEvents</method>
      <line>101</line>
    </frame>
    <frame>
      <class>java.awt.EventDispatchThread</class>
      <method>pumpEvents</method>
      <line>93</line>
    </frame>
    <frame>
      <class>java.awt.EventDispatchThread</class>
      <method>run</method>
      <line>82</line>
    </frame>
  </exception>
</record>
</log>
